# JRE version: Java(TM) SE Runtime Environment (8.0_05-b13) (build 1.8.0_05-b13)
# Java VM: Java HotSpot(TM) 64-Bit Server VM (25.5-b02 mixed mode windows-amd64 compressed oops)
Heap:
 PSYoungGen      total 53760K, used 51172K [0x00000007bc400000, 0x00000007c0000000, 0x00000007c0000000)
  eden space 46080K, 95% used [0x00000007bc400000,0x00000007beece210,0x00000007bf100000)
  from space 7680K, 95% used [0x00000007bf880000,0x00000007bffab0e0,0x00000007c0000000)
  to   space 7680K, 0% used [0x00000007bf100000,0x00000007bf100000,0x00000007bf880000)
 ParOldGen       total 87040K, used 12196K [0x0000000700000000, 0x0000000705500000, 0x00000007bc400000)
  object space 87040K, 14% used [0x0000000700000000,0x0000000700be9100,0x0000000705500000)
 Metaspace       used 32651K, capacity 32885K, committed 33280K, reserved 1077248K
  class space    used 4741K, capacity 4787K, committed 4864K, reserved 1048576K
GC Heap History (10 events):
Event: 2.216 GC heap before
{Heap before GC invocations=1 (full 0):
 PSYoungGen      total 53760K, used 46080K [0x00000007bc400000, 0x00000007c0000000, 0x00000007c0000000)
  eden space 46080K, 100% used [0x00000007bc400000,0x00000007bf100000,0x00000007bf100000)
  from space 7680K, 0% used [0x00000007bf880000,0x00000007bf880000,0x00000007c0000000)
  to   space 7680K, 0% used [0x00000007bf100000,0x00000007bf100000,0x00000007bf880000)
 ParOldGen       total 69632K, used 0K [0x0000000700000000, 0x0000000704400000, 0x00000007bc400000)
  object space 69632K, 0% used [0x0000000700000000,0x0000000700000000,0x0000000704400000)
 Metaspace       used 11808K, capacity 11860K, committed 12032K, reserved 1060864K
  class space    used 1217K, capacity 1241K, committed 1280K, reserved 1048576K
Event: 2.229 GC heap after
Heap after GC invocations=1 (full 0):
 PSYoungGen      total 53760K, used 7679K [0x00000007bc400000, 0x00000007c0000000, 0x00000007c0000000)
  eden space 46080K, 0% used [0x00000007bc400000,0x00000007bc400000,0x00000007bf100000)
  from space 7680K, 99% used [0x00000007bf100000,0x00000007bf87fc18,0x00000007bf880000)
  to   space 7680K, 0% used [0x00000007bf880000,0x00000007bf880000,0x00000007c0000000)
 ParOldGen       total 69632K, used 793K [0x0000000700000000, 0x0000000704400000, 0x00000007bc400000)
  object space 69632K, 1% used [0x0000000700000000,0x00000007000c6460,0x0000000704400000)
 Metaspace       used 11808K, capacity 11860K, committed 12032K, reserved 1060864K
  class space    used 1217K, capacity 1241K, committed 1280K, reserved 1048576K
}
Event: 4.194 GC heap before
{Heap before GC invocations=2 (full 0):
 PSYoungGen      total 53760K, used 53759K [0x00000007bc400000, 0x00000007c0000000, 0x00000007c0000000)
  eden space 46080K, 100% used [0x00000007bc400000,0x00000007bf100000,0x00000007bf100000)
  from space 7680K, 99% used [0x00000007bf100000,0x00000007bf87fc18,0x00000007bf880000)
  to   space 7680K, 0% used [0x00000007bf880000,0x00000007bf880000,0x00000007c0000000)
 ParOldGen       total 69632K, used 793K [0x0000000700000000, 0x0000000704400000, 0x00000007bc400000)
  object space 69632K, 1% used [0x0000000700000000,0x00000007000c6460,0x0000000704400000)
 Metaspace       used 20613K, capacity 20780K, committed 21120K, reserved 1067008K
  class space    used 2562K, capacity 2624K, committed 2688K, reserved 1048576K
Event: 4.216 GC heap after
Heap after GC invocations=2 (full 0):
 PSYoungGen      total 53760K, used 7670K [0x00000007bc400000, 0x00000007c0000000, 0x00000007c0000000)
  eden space 46080K, 0% used [0x00000007bc400000,0x00000007bc400000,0x00000007bf100000)
  from space 7680K, 99% used [0x00000007bf880000,0x00000007bfffda60,0x00000007c0000000)
  to   space 7680K, 0% used [0x00000007bf100000,0x00000007bf100000,0x00000007bf880000)
 ParOldGen       total 69632K, used 7806K [0x0000000700000000, 0x0000000704400000, 0x00000007bc400000)
  object space 69632K, 11% used [0x0000000700000000,0x000000070079f960,0x0000000704400000)
 Metaspace       used 20613K, capacity 20780K, committed 21120K, reserved 1067008K
  class space    used 2562K, capacity 2624K, committed 2688K, reserved 1048576K
}
Event: 4.394 GC heap before
{Heap before GC invocations=3 (full 0):
 PSYoungGen      total 53760K, used 15846K [0x00000007bc400000, 0x00000007c0000000, 0x00000007c0000000)
  eden space 46080K, 17% used [0x00000007bc400000,0x00000007bcbfbdd8,0x00000007bf100000)
  from space 7680K, 99% used [0x00000007bf880000,0x00000007bfffda60,0x00000007c0000000)
  to   space 7680K, 0% used [0x00000007bf100000,0x00000007bf100000,0x00000007bf880000)
 ParOldGen       total 69632K, used 7806K [0x0000000700000000, 0x0000000704400000, 0x00000007bc400000)
  object space 69632K, 11% used [0x0000000700000000,0x000000070079f960,0x0000000704400000)
 Metaspace       used 20954K, capacity 21086K, committed 21296K, reserved 1069056K
  class space    used 2622K, capacity 2659K, committed 2688K, reserved 1048576K
Event: 4.404 GC heap after
Heap after GC invocations=3 (full 0):
 PSYoungGen      total 53760K, used 7676K [0x00000007bc400000, 0x00000007c0000000, 0x00000007c0000000)
  eden space 46080K, 0% used [0x00000007bc400000,0x00000007bc400000,0x00000007bf100000)
  from space 7680K, 99% used [0x00000007bf100000,0x00000007bf87f110,0x00000007bf880000)
  to   space 7680K, 0% used [0x00000007bf880000,0x00000007bf880000,0x00000007c0000000)
 ParOldGen       total 69632K, used 8456K [0x0000000700000000, 0x0000000704400000, 0x00000007bc400000)
  object space 69632K, 12% used [0x0000000700000000,0x0000000700842360,0x0000000704400000)
 Metaspace       used 20954K, capacity 21086K, committed 21296K, reserved 1069056K
  class space    used 2622K, capacity 2659K, committed 2688K, reserved 1048576K
}
Event: 4.404 GC heap before
{Heap before GC invocations=4 (full 1):
 PSYoungGen      total 53760K, used 7676K [0x00000007bc400000, 0x00000007c0000000, 0x00000007c0000000)
  eden space 46080K, 0% used [0x00000007bc400000,0x00000007bc400000,0x00000007bf100000)
  from space 7680K, 99% used [0x00000007bf100000,0x00000007bf87f110,0x00000007bf880000)
  to   space 7680K, 0% used [0x00000007bf880000,0x00000007bf880000,0x00000007c0000000)
 ParOldGen       total 69632K, used 8456K [0x0000000700000000, 0x0000000704400000, 0x00000007bc400000)
  object space 69632K, 12% used [0x0000000700000000,0x0000000700842360,0x0000000704400000)
 Metaspace       used 20954K, capacity 21086K, committed 21296K, reserved 1069056K
  class space    used 2622K, capacity 2659K, committed 2688K, reserved 1048576K
Event: 4.486 GC heap after
Heap after GC invocations=4 (full 1):
 PSYoungGen      total 53760K, used 0K [0x00000007bc400000, 0x00000007c0000000, 0x00000007c0000000)
  eden space 46080K, 0% used [0x00000007bc400000,0x00000007bc400000,0x00000007bf100000)
  from space 7680K, 0% used [0x00000007bf100000,0x00000007bf100000,0x00000007bf880000)
  to   space 7680K, 0% used [0x00000007bf880000,0x00000007bf880000,0x00000007c0000000)
 ParOldGen       total 87040K, used 12188K [0x0000000700000000, 0x0000000705500000, 0x00000007bc400000)
  object space 87040K, 14% used [0x0000000700000000,0x0000000700be7100,0x0000000705500000)
 Metaspace       used 20954K, capacity 21086K, committed 21296K, reserved 1069056K
  class space    used 2622K, capacity 2659K, committed 2688K, reserved 1048576K
}
Event: 5.634 GC heap before
{Heap before GC invocations=5 (full 1):
 PSYoungGen      total 53760K, used 46080K [0x00000007bc400000, 0x00000007c0000000, 0x00000007c0000000)
  eden space 46080K, 100% used [0x00000007bc400000,0x00000007bf100000,0x00000007bf100000)
  from space 7680K, 0% used [0x00000007bf100000,0x00000007bf100000,0x00000007bf880000)
  to   space 7680K, 0% used [0x00000007bf880000,0x00000007bf880000,0x00000007c0000000)
 ParOldGen       total 87040K, used 12188K [0x0000000700000000, 0x0000000705500000, 0x00000007bc400000)
  object space 87040K, 14% used [0x0000000700000000,0x0000000700be7100,0x0000000705500000)
 Metaspace       used 25281K, capacity 25456K, committed 25728K, reserved 1071104K
  class space    used 3388K, capacity 3434K, committed 3456K, reserved 1048576K
Event: 5.643 GC heap after
Heap after GC invocations=5 (full 1):
 PSYoungGen      total 53760K, used 7340K [0x00000007bc400000, 0x00000007c0000000, 0x00000007c0000000)
  eden space 46080K, 0% used [0x00000007bc400000,0x00000007bc400000,0x00000007bf100000)
  from space 7680K, 95% used [0x00000007bf880000,0x00000007bffab0e0,0x00000007c0000000)
  to   space 7680K, 0% used [0x00000007bf100000,0x00000007bf100000,0x00000007bf880000)
 ParOldGen       total 87040K, used 12196K [0x0000000700000000, 0x0000000705500000, 0x00000007bc400000)
  object space 87040K, 14% used [0x0000000700000000,0x0000000700be9100,0x0000000705500000)
 Metaspace       used 25281K, capacity 25456K, committed 25728K, reserved 1071104K
  class space    used 3388K, capacity 3434K, committed 3456K, reserved 1048576K
}

